1: U 1: started
2: U 1: taking a break
3: Z 2: started
4: Z 3: started
5: Z 4: started
6: Z 5: started
7: Z 6: started
8: Z 7: started
9: Z 1: started
10: Z 8: started
11: Z 9: started
12: Z 8: entering office for a service 3
13: Z 10: started
14: Z 2: entering office for a service 3
15: Z 10: entering office for a service 3
16: U 1: break finished
17: U 1: stuck at queue3 semaph
18: U 1: serving a service of type 3
19: Z 8: called by office worker
20: Z 6: entering office for a service 3
21: Z 3: entering office for a service 1
22: Z 9: entering office for a service 2
23: Z 7: entering office for a service 3
24: Z 8: going home
25: Z 4: entering office for a service 3
26: U 1: service finished
27: U 1: stuck at queue1 semaph
28: U 1: serving a service of type 1
29: Z 3: called by office worker
30: Z 3: going home
31: Z 5: entering office for a service 2
32: Z 1: entering office for a service 3
33: U 1: service finished
34: U 1: stuck at queue2 semaph
35: Z 9: called by office worker
36: U 1: serving a service of type 2
37: U 1: service finished
38: U 1: stuck at queue2 semaph
39: U 1: serving a service of type 2
40: Z 5: called by office worker
41: Z 9: going home
42: U 1: service finished
43: Z 2: called by office worker
44: Z 5: going home
45: U 1: stuck at queue3 semaph
46: U 1: serving a service of type 3
47: Z 2: going home
48: U 1: service finished
49: U 1: stuck at queue3 semaph
50: U 1: serving a service of type 3
51: Z 10: called by office worker
52: U 1: service finished
53: U 1: stuck at queue3 semaph
54: U 1: serving a service of type 3
55: Z 6: called by office worker
56: Post office is closed now.
57: U 1: service finished
58: U 1: stuck at queue3_1 semaph
59: U 1: serving a service of type 3
60: Z 7: called by office worker
61: Z 6: going home
62: Z 10: going home
63: U 1: service finished
64: U 1: going home
65: Z 7: going home
